0 info it worked if it ends with ok
1 verbose cli [ '/usr/local/Cellar/node/7.4.0/bin/node',
1 verbose cli   '/usr/local/bin/npm',
1 verbose cli   'run',
1 verbose cli   'all' ]
2 info using npm@4.0.5
3 info using node@v7.4.0
4 verbose run-script [ 'preall', 'all', 'postall' ]
5 info lifecycle j2c-plugin-prefix-browser@1.0.1~preall: j2c-plugin-prefix-browser@1.0.1
6 silly lifecycle j2c-plugin-prefix-browser@1.0.1~preall: no script for preall, continuing
7 info lifecycle j2c-plugin-prefix-browser@1.0.1~all: j2c-plugin-prefix-browser@1.0.1
8 verbose lifecycle j2c-plugin-prefix-browser@1.0.1~all: unsafe-perm in lifecycle true
9 verbose lifecycle j2c-plugin-prefix-browser@1.0.1~all: PATH: /usr/local/lib/node_modules/npm/bin/node-gyp-bin:/Users/pygy/dev/j2c/j2c/plugins/prefix-browser/node_modules/.bin:/Users/pygy/perl5/bin:/usr/local/heroku/bin:/Users/pygy/bin:/usr/local/bin:/opt/X11/bin:/usr/X11R6/bin:/usr/bin:/bin:/usr/sbin:/sbin:/usr/local/bin:/usr/local/sbin:/usr/bin:/bin:/usr/sbin:/sbin:/opt/X11/bin:/usr/local/go/bin
10 verbose lifecycle j2c-plugin-prefix-browser@1.0.1~all: CWD: /Users/pygy/dev/j2c/j2c/plugins/prefix-browser
11 silly lifecycle j2c-plugin-prefix-browser@1.0.1~all: Args: [ '-c',
11 silly lifecycle   'yarn run go lint && yarn run build && yarn run go cover' ]
12 silly lifecycle j2c-plugin-prefix-browser@1.0.1~all: Returned: code: 1  signal: null
13 info lifecycle j2c-plugin-prefix-browser@1.0.1~all: Failed to exec all script
14 verbose stack Error: j2c-plugin-prefix-browser@1.0.1 all: `yarn run go lint && yarn run build && yarn run go cover`
14 verbose stack Exit status 1
14 verbose stack     at EventEmitter.<anonymous> (/usr/local/lib/node_modules/npm/lib/utils/lifecycle.js:279:16)
14 verbose stack     at emitTwo (events.js:106:13)
14 verbose stack     at EventEmitter.emit (events.js:191:7)
14 verbose stack     at ChildProcess.<anonymous> (/usr/local/lib/node_modules/npm/lib/utils/spawn.js:40:14)
14 verbose stack     at emitTwo (events.js:106:13)
14 verbose stack     at ChildProcess.emit (events.js:191:7)
14 verbose stack     at maybeClose (internal/child_process.js:885:16)
14 verbose stack     at Process.ChildProcess._handle.onexit (internal/child_process.js:226:5)
15 verbose pkgid j2c-plugin-prefix-browser@1.0.1
16 verbose cwd /Users/pygy/dev/j2c/j2c/plugins/prefix-browser
17 error Darwin 14.5.0
18 error argv "/usr/local/Cellar/node/7.4.0/bin/node" "/usr/local/bin/npm" "run" "all"
19 error node v7.4.0
20 error npm  v4.0.5
21 error code ELIFECYCLE
22 error j2c-plugin-prefix-browser@1.0.1 all: `yarn run go lint && yarn run build && yarn run go cover`
22 error Exit status 1
23 error Failed at the j2c-plugin-prefix-browser@1.0.1 all script 'yarn run go lint && yarn run build && yarn run go cover'.
23 error Make sure you have the latest version of node.js and npm installed.
23 error If you do, this is most likely a problem with the j2c-plugin-prefix-browser package,
23 error not with npm itself.
23 error Tell the author that this fails on your system:
23 error     yarn run go lint && yarn run build && yarn run go cover
23 error You can get information on how to open an issue for this project with:
23 error     npm bugs j2c-plugin-prefix-browser
23 error Or if that isn't available, you can get their info via:
23 error     npm owner ls j2c-plugin-prefix-browser
23 error There is likely additional logging output above.
24 verbose exit [ 1, true ]
